<?xml version="1.0" encoding="UTF-8"?>
<testng-results ignored="0" total="1" passed="1" failed="0" skipped="0">
  <reporter-output>
  </reporter-output>
  <suite started-at="2020-02-17T09:41:00 CET" name="Suite" finished-at="2020-02-17T09:41:30 CET" duration-ms="30036">
    <groups>
    </groups>
    <test started-at="2020-02-17T09:41:00 CET" name="Test1" finished-at="2020-02-17T09:41:30 CET" duration-ms="30036">
      <class name="a.b">
        <test-method is-config="true" signature="launchBrowser()[pri:0, instance:a.b@5158b42f]" started-at="2020-02-17T09:41:00 CET" name="launchBrowser" finished-at="2020-02-17T09:41:17 CET" duration-ms="17725" status="PASS">
          <reporter-output>
          </reporter-output>
        </test-method> <!-- launchBrowser -->
        <test-method signature="testMethod(java.lang.String, java.lang.String)[pri:0, instance:a.b@5158b42f]" started-at="2020-02-17T09:41:18 CET" name="testMethod" finished-at="2020-02-17T09:41:30 CET" duration-ms="12096" status="PASS">
          <params>
            <param index="0">
              <value>
                <![CDATA[saber]]>
              </value>
            </param>
            <param index="1">
              <value>
                <![CDATA[khemissi]]>
              </value>
            </param>
          </params>
          <reporter-output>
          </reporter-output>
        </test-method> <!-- testMethod -->
      </class> <!-- a.b -->
    </test> <!-- Test1 -->
  </suite> <!-- Suite -->
</testng-results>
